<?xml version="1.0" encoding="UTF-8"?>
<coverage generated="1576947346384" clover="3.2.0">
  <project timestamp="1576947346384" name="All files">
    <metrics statements="12" coveredstatements="12" conditionals="2" coveredconditionals="2" methods="5" coveredmethods="5" elements="19" coveredelements="19" complexity="0" loc="12" ncloc="12" packages="1" files="2" classes="2"/>
    <file name="character.js" path="J:\CODE\GitHub\ajs-8-set\src\character.js">
      <metrics statements="4" coveredstatements="4" conditionals="0" coveredconditionals="0" methods="1" coveredmethods="1"/>
      <line num="3" count="8" type="stmt"/>
      <line num="4" count="8" type="stmt"/>
      <line num="5" count="8" type="stmt"/>
      <line num="6" count="8" type="stmt"/>
    </file>
    <file name="team.js" path="J:\CODE\GitHub\ajs-8-set\src\team.js">
      <metrics statements="8" coveredstatements="8" conditionals="2" coveredconditionals="2" methods="4" coveredmethods="4"/>
      <line num="3" count="4" type="stmt"/>
      <line num="7" count="3" type="cond" truecount="2" falsecount="0"/>
      <line num="8" count="1" type="stmt"/>
      <line num="10" count="2" type="stmt"/>
      <line num="15" count="2" type="stmt"/>
      <line num="16" count="6" type="stmt"/>
      <line num="21" count="1" type="stmt"/>
      <line num="22" count="1" type="stmt"/>
    </file>
  </project>
</coverage>
